# JRE version: OpenJDK Runtime Environment Temurin-18.0.2.1+1 (18.0.2.1+1) (build 18.0.2.1+1)
# Java VM: OpenJDK 64-Bit Server VM Temurin-18.0.2.1+1 (18.0.2.1+1, mixed mode, tiered, compressed oops, compressed class ptrs, g1 gc, windows-amd64)
GC Precious Log:
 CardTable entry size: 512
 Card Set container configuration: InlinePtr #cards 5 size 8 Array Of Cards #cards 12 size 40 Howl #buckets 4 coarsen threshold 1843 Howl Bitmap #cards 512 size 80 coarsen threshold 460 Card regions per heap region 1 cards per card region 2048
 CPUs: 4 total, 4 available
 Memory: 8108M
 Large Page Support: Disabled
 NUMA Support: Disabled
 Compressed Oops: Enabled (32-bit)
 Heap Region Size: 1M
 Heap Min Capacity: 8M
 Heap Initial Capacity: 128M
 Heap Max Capacity: 2028M
 Pre-touch: Disabled
 Parallel Workers: 4
 Concurrent Workers: 1
 Concurrent Refinement Workers: 4
 Periodic GC: Disabled
Heap:
 garbage-first heap   total 225280K, used 64513K [0x0000000081400000, 0x0000000100000000)
  region size 1024K, 7 young (7168K), 1 survivors (1024K)
 Metaspace       used 74712K, committed 75520K, reserved 1179648K
  class space    used 8904K, committed 9280K, reserved 1048576K
GC Heap History (20 events):
Event: 895.570 GC heap after
{Heap after GC invocations=103 (full 14):
 garbage-first heap   total 89088K, used 39028K [0x0000000081400000, 0x0000000100000000)
  region size 1024K, 5 young (5120K), 5 survivors (5120K)
 Metaspace       used 73350K, committed 74176K, reserved 1114112K
  class space    used 8746K, committed 9152K, reserved 1048576K
}
Event: 895.616 GC heap before
{Heap before GC invocations=103 (full 14):
 garbage-first heap   total 89088K, used 65652K [0x0000000081400000, 0x0000000100000000)
  region size 1024K, 31 young (31744K), 5 survivors (5120K)
 Metaspace       used 73351K, committed 74176K, reserved 1114112K
  class space    used 8746K, committed 9152K, reserved 1048576K
}
Event: 895.620 GC heap after
{Heap after GC invocations=104 (full 14):
 garbage-first heap   total 145408K, used 38633K [0x0000000081400000, 0x0000000100000000)
  region size 1024K, 4 young (4096K), 4 survivors (4096K)
 Metaspace       used 73351K, committed 74176K, reserved 1114112K
  class space    used 8746K, committed 9152K, reserved 1048576K
}
Event: 928.799 GC heap before
{Heap before GC invocations=104 (full 14):
 garbage-first heap   total 145408K, used 63209K [0x0000000081400000, 0x0000000100000000)
  region size 1024K, 30 young (30720K), 4 survivors (4096K)
 Metaspace       used 73372K, committed 74240K, reserved 1114112K
  class space    used 8746K, committed 9152K, reserved 1048576K
}
Event: 928.836 GC heap after
{Heap after GC invocations=105 (full 15):
 garbage-first heap   total 92160K, used 25377K [0x0000000081400000, 0x0000000100000000)
  region size 1024K, 0 young (0K), 0 survivors (0K)
 Metaspace       used 73369K, committed 74240K, reserved 1114112K
  class space    used 8746K, committed 9152K, reserved 1048576K
}
Event: 929.170 GC heap before
{Heap before GC invocations=105 (full 15):
 garbage-first heap   total 92160K, used 66337K [0x0000000081400000, 0x0000000100000000)
  region size 1024K, 40 young (40960K), 0 survivors (0K)
 Metaspace       used 73593K, committed 74432K, reserved 1179648K
  class space    used 8759K, committed 9152K, reserved 1048576K
}
Event: 929.173 GC heap after
{Heap after GC invocations=106 (full 15):
 garbage-first heap   total 92160K, used 28629K [0x0000000081400000, 0x0000000100000000)
  region size 1024K, 4 young (4096K), 4 survivors (4096K)
 Metaspace       used 73593K, committed 74432K, reserved 1179648K
  class space    used 8759K, committed 9152K, reserved 1048576K
}
Event: 929.287 GC heap before
{Heap before GC invocations=106 (full 15):
 garbage-first heap   total 92160K, used 67541K [0x0000000081400000, 0x0000000100000000)
  region size 1024K, 42 young (43008K), 4 survivors (4096K)
 Metaspace       used 73647K, committed 74496K, reserved 1179648K
  class space    used 8763K, committed 9152K, reserved 1048576K
}
Event: 929.293 GC heap after
{Heap after GC invocations=107 (full 15):
 garbage-first heap   total 92160K, used 35562K [0x0000000081400000, 0x0000000100000000)
  region size 1024K, 6 young (6144K), 6 survivors (6144K)
 Metaspace       used 73647K, committed 74496K, reserved 1179648K
  class space    used 8763K, committed 9152K, reserved 1048576K
}
Event: 929.360 GC heap before
{Heap before GC invocations=107 (full 15):
 garbage-first heap   total 92160K, used 67306K [0x0000000081400000, 0x0000000100000000)
  region size 1024K, 37 young (37888K), 6 survivors (6144K)
 Metaspace       used 73647K, committed 74496K, reserved 1179648K
  class space    used 8763K, committed 9152K, reserved 1048576K
}
Event: 929.369 GC heap after
{Heap after GC invocations=108 (full 15):
 garbage-first heap   total 92160K, used 43700K [0x0000000081400000, 0x0000000100000000)
  region size 1024K, 5 young (5120K), 5 survivors (5120K)
 Metaspace       used 73647K, committed 74496K, reserved 1179648K
  class space    used 8763K, committed 9152K, reserved 1048576K
}
Event: 929.394 GC heap before
{Heap before GC invocations=108 (full 15):
 garbage-first heap   total 92160K, used 50868K [0x0000000081400000, 0x0000000100000000)
  region size 1024K, 13 young (13312K), 5 survivors (5120K)
 Metaspace       used 73647K, committed 74496K, reserved 1179648K
  class space    used 8763K, committed 9152K, reserved 1048576K
}
Event: 929.399 GC heap after
{Heap after GC invocations=109 (full 15):
 garbage-first heap   total 92160K, used 47769K [0x0000000081400000, 0x0000000100000000)
  region size 1024K, 4 young (4096K), 4 survivors (4096K)
 Metaspace       used 73647K, committed 74496K, reserved 1179648K
  class space    used 8763K, committed 9152K, reserved 1048576K
}
Event: 929.432 GC heap before
{Heap before GC invocations=109 (full 15):
 garbage-first heap   total 92160K, used 64153K [0x0000000081400000, 0x0000000100000000)
  region size 1024K, 20 young (20480K), 4 survivors (4096K)
 Metaspace       used 73647K, committed 74496K, reserved 1179648K
  class space    used 8763K, committed 9152K, reserved 1048576K
}
Event: 929.435 GC heap after
{Heap after GC invocations=110 (full 15):
 garbage-first heap   total 92160K, used 51541K [0x0000000081400000, 0x0000000100000000)
  region size 1024K, 3 young (3072K), 3 survivors (3072K)
 Metaspace       used 73647K, committed 74496K, reserved 1179648K
  class space    used 8763K, committed 9152K, reserved 1048576K
}
Event: 929.481 GC heap before
{Heap before GC invocations=110 (full 15):
 garbage-first heap   total 112640K, used 66901K [0x0000000081400000, 0x0000000100000000)
  region size 1024K, 18 young (18432K), 3 survivors (3072K)
 Metaspace       used 73660K, committed 74560K, reserved 1179648K
  class space    used 8764K, committed 9152K, reserved 1048576K
}
Event: 929.486 GC heap after
{Heap after GC invocations=111 (full 15):
 garbage-first heap   total 225280K, used 56694K [0x0000000081400000, 0x0000000100000000)
  region size 1024K, 3 young (3072K), 3 survivors (3072K)
 Metaspace       used 73660K, committed 74560K, reserved 1179648K
  class space    used 8764K, committed 9152K, reserved 1048576K
}
Event: 3762.515 GC heap before
{Heap before GC invocations=112 (full 15):
 garbage-first heap   total 225280K, used 131446K [0x0000000081400000, 0x0000000100000000)
  region size 1024K, 76 young (77824K), 3 survivors (3072K)
 Metaspace       used 74708K, committed 75520K, reserved 1179648K
  class space    used 8904K, committed 9280K, reserved 1048576K
}
Event: 3762.519 GC heap after
{Heap after GC invocations=113 (full 15):
 garbage-first heap   total 225280K, used 58369K [0x0000000081400000, 0x0000000100000000)
  region size 1024K, 5 young (5120K), 5 survivors (5120K)
 Metaspace       used 74708K, committed 75520K, reserved 1179648K
  class space    used 8904K, committed 9280K, reserved 1048576K
}
Event: 4025.302 GC heap before
{Heap before GC invocations=113 (full 15):
 garbage-first heap   total 225280K, used 64513K [0x0000000081400000, 0x0000000100000000)
  region size 1024K, 11 young (11264K), 5 survivors (5120K)
 Metaspace       used 74712K, committed 75520K, reserved 1179648K
  class space    used 8904K, committed 9280K, reserved 1048576K
}

